{
  "0 debug pnpm:scope": {
    "selected": 1
  },
  "1 error pnpm": {
    "code": "ERR_PNPM_UNSUPPORTED_ENGINE",
    "packageId": "C:\\Users\\lecin\\Documents\\repo\\pam-frank",
    "wanted": {
      "pnpm": ">=7.0.0"
    },
    "current": {
      "node": "v16.13.0",
      "pnpm": "6.23.6"
    },
    "err": {
      "name": "pnpm",
      "message": "Unsupported engine for C:\\Users\\lecin\\Documents\\repo\\pam-frank: wanted: {\"pnpm\":\">=7.0.0\"} (current: {\"node\":\"v16.13.0\",\"pnpm\":\"6.23.6\"})",
      "code": "ERR_PNPM_UNSUPPORTED_ENGINE",
      "stack": "pnpm: Unsupported engine for C:\\Users\\lecin\\Documents\\repo\\pam-frank: wanted: {\"pnpm\":\">=7.0.0\"} (current: {\"node\":\"v16.13.0\",\"pnpm\":\"6.23.6\"})\n    at checkEngine (C:\\Users\\lecin\\AppData\\Roaming\\npm\\node_modules\\pnpm\\dist\\pnpm.cjs:40877:16)\n    at checkPackage (C:\\Users\\lecin\\AppData\\Roaming\\npm\\node_modules\\pnpm\\dist\\pnpm.cjs:42965:104)\n    at packageIsInstallable (C:\\Users\\lecin\\AppData\\Roaming\\npm\\node_modules\\pnpm\\dist\\pnpm.cjs:42989:61)\n    at tryReadProjectManifest (C:\\Users\\lecin\\AppData\\Roaming\\npm\\node_modules\\pnpm\\dist\\pnpm.cjs:43298:55)\n    at async handler (C:\\Users\\lecin\\AppData\\Roaming\\npm\\node_modules\\pnpm\\dist\\pnpm.cjs:117466:48)\n    at async C:\\Users\\lecin\\AppData\\Roaming\\npm\\node_modules\\pnpm\\dist\\pnpm.cjs:182688:21\n    at async run (C:\\Users\\lecin\\AppData\\Roaming\\npm\\node_modules\\pnpm\\dist\\pnpm.cjs:182662:34)\n    at async runPnpm (C:\\Users\\lecin\\AppData\\Roaming\\npm\\node_modules\\pnpm\\dist\\pnpm.cjs:182874:5)\n    at async C:\\Users\\lecin\\AppData\\Roaming\\npm\\node_modules\\pnpm\\dist\\pnpm.cjs:182866:7"
    }
  }
}